Using pre-set license
Built from '2021.3/staging' branch; Version is '2021.3.2f1 (d6360bedb9a0) revision 14038539'; Using compiler version '192829333'; Build Type 'Release'
OS: 'Windows 11  (10.0.25115) 64bit CoreSingleLanguage' Language: 'en' Physical Memory: 7929 MB
BatchMode: 1, IsHumanControllingUs: 0, StartBugReporterOnCrash: 0, Is64bit: 1, IsPro: 1

COMMAND LINE ARGUMENTS:
C:\Program Files\Unity\Hub\Editor\2021.3.2f1\Editor\Unity.exe
-adb2
-batchMode
-noUpm
-name
AssetImportWorker0
-projectPath
D:/Unity/ZicZac
-logFile
Logs/AssetImportWorker0.log
-srvPort
53491
Successfully changed project path to: D:/Unity/ZicZac
D:/Unity/ZicZac
[UnityMemory] Configuration Parameters - Can be set up in boot.config
    "memorysetup-bucket-allocator-granularity=16"
    "memorysetup-bucket-allocator-bucket-count=8"
    "memorysetup-bucket-allocator-block-size=33554432"
    "memorysetup-bucket-allocator-block-count=8"
    "memorysetup-main-allocator-block-size=16777216"
    "memorysetup-thread-allocator-block-size=16777216"
    "memorysetup-gfx-main-allocator-block-size=16777216"
    "memorysetup-gfx-thread-allocator-block-size=16777216"
    "memorysetup-cache-allocator-block-size=4194304"
    "memorysetup-typetree-allocator-block-size=2097152"
    "memorysetup-profiler-bucket-allocator-granularity=16"
    "memorysetup-profiler-bucket-allocator-bucket-count=8"
    "memorysetup-profiler-bucket-allocator-block-size=33554432"
    "memorysetup-profiler-bucket-allocator-block-count=8"
    "memorysetup-profiler-allocator-block-size=16777216"
    "memorysetup-profiler-editor-allocator-block-size=1048576"
    "memorysetup-temp-allocator-size-main=16777216"
    "memorysetup-job-temp-allocator-block-size=2097152"
    "memorysetup-job-temp-allocator-block-size-background=1048576"
    "memorysetup-job-temp-allocator-reduction-small-platforms=262144"
    "memorysetup-temp-allocator-size-background-worker=32768"
    "memorysetup-temp-allocator-size-job-worker=262144"
    "memorysetup-temp-allocator-size-preload-manager=33554432"
    "memorysetup-temp-allocator-size-nav-mesh-worker=65536"
    "memorysetup-temp-allocator-size-audio-worker=65536"
    "memorysetup-temp-allocator-size-cloud-worker=32768"
    "memorysetup-temp-allocator-size-gi-baking-worker=262144"
    "memorysetup-temp-allocator-size-gfx=262144"
Refreshing native plugins compatible for Editor in 79.60 ms, found 3 plugins.
Preloading 0 native plugins for Editor in 0.00 ms.
Initialize engine version: 2021.3.2f1 (d6360bedb9a0)
[Subsystems] Discovering subsystems at path C:/Program Files/Unity/Hub/Editor/2021.3.2f1/Editor/Data/Resources/UnitySubsystems
[Subsystems] Discovering subsystems at path D:/Unity/ZicZac/Assets
GfxDevice: creating device client; threaded=0; jobified=0
Direct3D:
    Version:  Direct3D 11.0 [level 11.1]
    Renderer: NVIDIA GeForce RTX 3050 Laptop GPU (ID=0x25a5)
    Vendor:   NVIDIA
    VRAM:     3991 MB
    Driver:   30.0.15.1295
Initialize mono
Mono path[0] = 'C:/Program Files/Unity/Hub/Editor/2021.3.2f1/Editor/Data/Managed'
Mono path[1] = 'C:/Program Files/Unity/Hub/Editor/2021.3.2f1/Editor/Data/MonoBleedingEdge/lib/mono/unityjit-win32'
Mono config path = 'C:/Program Files/Unity/Hub/Editor/2021.3.2f1/Editor/Data/MonoBleedingEdge/etc'
Using monoOptions --debugger-agent=transport=dt_socket,embedding=1,server=y,suspend=n,address=127.0.0.1:56680
Begin MonoManager ReloadAssembly
Registering precompiled unity dll's ...
Register platform support module: C:/Program Files/Unity/Hub/Editor/2021.3.2f1/Editor/Data/PlaybackEngines/WebGLSupport/UnityEditor.WebGL.Extensions.dll
Register platform support module: C:/Program Files/Unity/Hub/Editor/2021.3.2f1/Editor/Data/PlaybackEngines/AndroidPlayer/UnityEditor.Android.Extensions.dll
Register platform support module: C:/Program Files/Unity/Hub/Editor/2021.3.2f1/Editor/Data/PlaybackEngines/WindowsStandaloneSupport/UnityEditor.WindowsStandalone.Extensions.dll
Registered in 0.003908 seconds.
Native extension for WindowsStandalone target not found
Native extension for Android target not found
Native extension for WebGL target not found
Refreshing native plugins compatible for Editor in 75.08 ms, found 3 plugins.
Preloading 0 native plugins for Editor in 0.00 ms.
Mono: successfully reloaded assembly
- Completed reload, in  0.576 seconds
Domain Reload Profiling:
	ReloadAssembly (576ms)
		BeginReloadAssembly (59ms)
			ExecutionOrderSort (0ms)
			DisableScriptedObjects (0ms)
			BackupInstance (0ms)
			ReleaseScriptingObjects (0ms)
			CreateAndSetChildDomain (1ms)
		EndReloadAssembly (432ms)
			LoadAssemblies (58ms)
			RebuildTransferFunctionScriptingTraits (0ms)
			SetupTypeCache (82ms)
			ReleaseScriptCaches (0ms)
			RebuildScriptCaches (24ms)
			SetupLoadedEditorAssemblies (288ms)
				LogAssemblyErrors (0ms)
				InitializePlatformSupportModulesInManaged (99ms)
				SetLoadedEditorAssemblies (0ms)
				RefreshPlugins (75ms)
				BeforeProcessingInitializeOnLoad (1ms)
				ProcessInitializeOnLoadAttributes (74ms)
				ProcessInitializeOnLoadMethodAttributes (38ms)
				AfterProcessingInitializeOnLoad (0ms)
				EditorAssembliesLoaded (0ms)
			ExecutionOrderSort2 (0ms)
			AwakeInstancesAfterBackupRestoration (0ms)
Platform modules already initialized, skipping
Registering precompiled user dll's ...
Registered in 0.012027 seconds.
Begin MonoManager ReloadAssembly
Symbol file LoadedFromMemory doesn't match image D:\Unity\ZicZac\Library\PackageCache\com.unity.visualscripting@1.7.6\Editor\VisualScripting.Core\Dependencies\YamlDotNet\Unity.VisualScripting.YamlDotNet.dll
Symbol file LoadedFromMemory doesn't match image D:\Unity\ZicZac\Library\PackageCache\com.unity.visualscripting@1.7.6\Editor\VisualScripting.Core\Dependencies\DotNetZip\Unity.VisualScripting.IonicZip.dll
Native extension for WindowsStandalone target not found
Native extension for Android target not found
Native extension for WebGL target not found
Refreshing native plugins compatible for Editor in 0.57 ms, found 3 plugins.
Preloading 0 native plugins for Editor in 0.00 ms.
Mono: successfully reloaded assembly
- Completed reload, in  0.968 seconds
Domain Reload Profiling:
	ReloadAssembly (969ms)
		BeginReloadAssembly (200ms)
			ExecutionOrderSort (0ms)
			DisableScriptedObjects (4ms)
			BackupInstance (0ms)
			ReleaseScriptingObjects (0ms)
			CreateAndSetChildDomain (129ms)
		EndReloadAssembly (675ms)
			LoadAssemblies (96ms)
			RebuildTransferFunctionScriptingTraits (0ms)
			SetupTypeCache (211ms)
			ReleaseScriptCaches (1ms)
			RebuildScriptCaches (43ms)
			SetupLoadedEditorAssemblies (296ms)
				LogAssemblyErrors (0ms)
				InitializePlatformSupportModulesInManaged (13ms)
				SetLoadedEditorAssemblies (0ms)
				RefreshPlugins (1ms)
				BeforeProcessingInitializeOnLoad (70ms)
				ProcessInitializeOnLoadAttributes (186ms)
				ProcessInitializeOnLoadMethodAttributes (21ms)
				AfterProcessingInitializeOnLoad (5ms)
				EditorAssembliesLoaded (0ms)
			ExecutionOrderSort2 (0ms)
			AwakeInstancesAfterBackupRestoration (5ms)
Platform modules already initialized, skipping
========================================================================
Worker process is ready to serve import requests
Launched and connected shader compiler UnityShaderCompiler.exe after 0.03 seconds
Refreshing native plugins compatible for Editor in 0.51 ms, found 3 plugins.
Preloading 0 native plugins for Editor in 0.00 ms.
Unloading 3386 Unused Serialized files (Serialized files now loaded: 0)
Unloading 26 unused Assets / (112.0 KB). Loaded Objects now: 3868.
Memory consumption went from 137.7 MB to 137.6 MB.
Total: 3.632800 ms (FindLiveObjects: 0.384100 ms CreateObjectMapping: 0.185200 ms MarkObjects: 2.958500 ms  DeleteObjects: 0.103600 ms)

AssetImportParameters requested are different than current active one (requested -> active):
  custom:video-decoder-ogg-theora: a1e56fd34408186e4bbccfd4996cb3dc -> 
  custom:container-muxer-webm: aa71ff27fc2769a1b78a27578f13a17b -> 
  custom:container-demuxer-webm: 4f35f7cbe854078d1ac9338744f61a02 -> 
  custom:video-encoder-webm-vp8: eb34c28f22e8b96e1ab97ce403110664 -> 
  custom:video-codec-MediaFoundation-h265: 746d11721c4dcdbdad8f713fa42b33f4 -> 
  custom:audio-encoder-webm-vorbis: bf7c407c2cedff20999df2af8eb42d56 -> 
  custom:framework-win-MediaFoundation: 216162199b28c13a410421893ffa2e32 -> 
  custom:container-demuxer-ogg: 62fdf1f143b41e24485cea50d1cbac27 -> 
  custom:video-decoder-webm-vp8: 9c59270c3fd7afecdb556c50c9e8de78 -> 
  custom:audio-decoder-ogg-vorbis: bf7c407c2cedff20999df2af8eb42d56 -> 
========================================================================
Received Import Request.
  Time since last request: 3033478.813499 seconds.
  path: Assets/Material/rectangle.png
  artifactKey: Guid(df9bbe4de5f09cf469d3702ff8fd57b4) Importer(815301076,1909f56bfc062723c751e8b465ee728b)
Start importing Assets/Material/rectangle.png using Guid(df9bbe4de5f09cf469d3702ff8fd57b4) Importer(815301076,1909f56bfc062723c751e8b465ee728b)  -> (artifact id: '4fc96329915573e563a5382f33b62fdd') in 0.117727 seconds 
========================================================================
Received Import Request.
  Time since last request: 9.810060 seconds.
  path: Assets/Sets - Gems/Materials/gem - aquamraine.mat
  artifactKey: Guid(b254ca09f7e414a20b887047de186388) Importer(815301076,1909f56bfc062723c751e8b465ee728b)
Start importing Assets/Sets - Gems/Materials/gem - aquamraine.mat using Guid(b254ca09f7e414a20b887047de186388) Importer(815301076,1909f56bfc062723c751e8b465ee728b)  -> (artifact id: '0d4b6a88d35298c953bd4f99405e848f') in 0.137501 seconds 
========================================================================
Received Import Request.
  Time since last request: 0.000022 seconds.
  path: Assets/Sets - Gems/Materials/gem - pink.mat
  artifactKey: Guid(5d1489eaf7db44f7e843af34cc2072ae) Importer(815301076,1909f56bfc062723c751e8b465ee728b)
Start importing Assets/Sets - Gems/Materials/gem - pink.mat using Guid(5d1489eaf7db44f7e843af34cc2072ae) Importer(815301076,1909f56bfc062723c751e8b465ee728b)  -> (artifact id: 'f1a67cf8b89e8b16394cfe503f776e8a') in 0.033680 seconds 
========================================================================
Received Import Request.
  Time since last request: 0.000041 seconds.
  path: Assets/Sets - Gems/Materials/gem - cyan.mat
  artifactKey: Guid(bc53c90e04a0e48c48f35fe311be0960) Importer(815301076,1909f56bfc062723c751e8b465ee728b)
Start importing Assets/Sets - Gems/Materials/gem - cyan.mat using Guid(bc53c90e04a0e48c48f35fe311be0960) Importer(815301076,1909f56bfc062723c751e8b465ee728b)  -> (artifact id: '4204efa530a97a0f909857d17ed7df9e') in 0.038185 seconds 
========================================================================
Received Import Request.
  Time since last request: 0.000052 seconds.
  path: Assets/Sets - Gems/Materials/gem - purple.mat
  artifactKey: Guid(4420954b0b3b541deaef8714e66582eb) Importer(815301076,1909f56bfc062723c751e8b465ee728b)
Start importing Assets/Sets - Gems/Materials/gem - purple.mat using Guid(4420954b0b3b541deaef8714e66582eb) Importer(815301076,1909f56bfc062723c751e8b465ee728b)  -> (artifact id: '0b38be2ef2a34bfcc4640b8ac31dfda1') in 0.045887 seconds 
========================================================================
Received Import Request.
  Time since last request: 0.000063 seconds.
  path: Assets/Sets - Gems/Materials/gem - green.mat
  artifactKey: Guid(21d599d2fbb7244f3b101fa75623eb0c) Importer(815301076,1909f56bfc062723c751e8b465ee728b)
Start importing Assets/Sets - Gems/Materials/gem - green.mat using Guid(21d599d2fbb7244f3b101fa75623eb0c) Importer(815301076,1909f56bfc062723c751e8b465ee728b)  -> (artifact id: 'f6111498f965b0bc9021f64e63228b0e') in 0.043751 seconds 
========================================================================
Received Import Request.
  Time since last request: 7.110715 seconds.
  path: Assets/Sets - Gems/Materials/gem - rose.mat
  artifactKey: Guid(294fc0a1b9b60485985b62b6aecf5dce) Importer(815301076,1909f56bfc062723c751e8b465ee728b)
Start importing Assets/Sets - Gems/Materials/gem - rose.mat using Guid(294fc0a1b9b60485985b62b6aecf5dce) Importer(815301076,1909f56bfc062723c751e8b465ee728b)  -> (artifact id: '0b9f88648c22a4c46ee39b53ad5e62c3') in 0.024613 seconds 
========================================================================
Received Import Request.
  Time since last request: 0.022993 seconds.
  path: Assets/Sets - Gems/Materials/gem - yellow.mat
  artifactKey: Guid(1549bf01482b547159fa92e4f95bff12) Importer(815301076,1909f56bfc062723c751e8b465ee728b)
Start importing Assets/Sets - Gems/Materials/gem - yellow.mat using Guid(1549bf01482b547159fa92e4f95bff12) Importer(815301076,1909f56bfc062723c751e8b465ee728b)  -> (artifact id: 'ede310b99666497d7a7fce3514b327f7') in 0.035488 seconds 
========================================================================
Received Import Request.
  Time since last request: 167.795446 seconds.
  path: Assets/Prefab/Platform.prefab
  artifactKey: Guid(c7f98bb0e2f57e54db66e709b1c54bfd) Importer(815301076,1909f56bfc062723c751e8b465ee728b)
Start importing Assets/Prefab/Platform.prefab using Guid(c7f98bb0e2f57e54db66e709b1c54bfd) Importer(815301076,1909f56bfc062723c751e8b465ee728b)  -> (artifact id: '1750147df1ead30a9a48a29a27397bd2') in 0.055160 seconds 
========================================================================
Received Import Request.
  Time since last request: 123.464127 seconds.
  path: Assets/Prefab/Platform.prefab
  artifactKey: Guid(c7f98bb0e2f57e54db66e709b1c54bfd) Importer(815301076,1909f56bfc062723c751e8b465ee728b)
Start importing Assets/Prefab/Platform.prefab using Guid(c7f98bb0e2f57e54db66e709b1c54bfd) Importer(815301076,1909f56bfc062723c751e8b465ee728b)  -> (artifact id: '6f2f801fb5885cc2cfa3a4c0aceb0f90') in 0.020310 seconds 
